<?xml version="1.0" encoding="UTF-8"?>
<testsuite name="tv.lumo.android.feature.live.GuideCellTimeLabelTest" tests="2" skipped="0" failures="0" errors="0" timestamp="2026-09-26T16:54:35.751Z" hostname="PC-HAMZA" time="0.02">
  <properties/>
  <testcase name="the cell time is the start alone, without the range separator" classname="tv.lumo.android.feature.live.GuideCellTimeLabelTest" time="0.017"/>
  <testcase name="the end label never reaches the cell" classname="tv.lumo.android.feature.live.GuideCellTimeLabelTest" time="0.0"/>
  <system-out><![CDATA[]]></system-out>
  <system-err><![CDATA[]]></system-err>
</testsuite>
