<?xml version="1.0" encoding="UTF-8"?>
<testsuite name="tv.lumo.android.feature.live.PlayerGuideTest" tests="3" skipped="0" failures="0" errors="0" timestamp="2026-09-26T16:54:35.859Z" hostname="PC-HAMZA" time="0.002">
  <properties/>
  <testcase name="with a guide, the bar has a current programme with its end and a next one" classname="tv.lumo.android.feature.live.PlayerGuideTest" time="0.001"/>
  <testcase name="without a guide, the bar has nothing to say and says nothing" classname="tv.lumo.android.feature.live.PlayerGuideTest" time="0.001"/>
  <testcase name="reopening the bar later recomputes over the same window, no new list needed" classname="tv.lumo.android.feature.live.PlayerGuideTest" time="0.0"/>
  <system-out><![CDATA[]]></system-out>
  <system-err><![CDATA[]]></system-err>
</testsuite>
