<?xml version="1.0" encoding="UTF-8"?>
<testsuite name="tv.lumo.android.feature.live.LiveSourceSwitchTest" tests="6" skipped="0" failures="0" errors="0" timestamp="2026-09-26T16:54:35.849Z" hostname="PC-HAMZA" time="0.003">
  <properties/>
  <testcase name="channels this device holds are shown, whatever the source is doing" classname="tv.lumo.android.feature.live.LiveSourceSwitchTest" time="0.001"/>
  <testcase name="what belongs to the account survives the switch" classname="tv.lumo.android.feature.live.LiveSourceSwitchTest" time="0.001"/>
  <testcase name="every answer of the repository has a step, and none of them is a crash" classname="tv.lumo.android.feature.live.LiveSourceSwitchTest" time="0.0"/>
  <testcase name="another source keeps the section and drops what belonged to the old one" classname="tv.lumo.android.feature.live.LiveSourceSwitchTest" time="0.0"/>
  <testcase name="the notice belongs to the active source and survives a switch" classname="tv.lumo.android.feature.live.LiveSourceSwitchTest" time="0.0"/>
  <testcase name="the same source changing status costs nobody their category" classname="tv.lumo.android.feature.live.LiveSourceSwitchTest" time="0.0"/>
  <system-out><![CDATA[]]></system-out>
  <system-err><![CDATA[]]></system-err>
</testsuite>
